<?xml version="1.0" encoding="UTF-8"?>
<!-- Generated by org.testng.reporters.JUnitReportReporter -->
<testsuite hostname="LAPTOP-LMKCGGE4" failures="0" tests="10" name="testing.StringCalculatorTest" time="0.014" errors="1" timestamp="2022-09-09T14:44:50 IST" skipped="0">
  <testcase classname="testing.StringCalculatorTest" name="testNewLine" time="0.000"/>
  <system-out/>
  <testcase classname="testing.StringCalculatorTest" name="supportOddEvenAddition" time="0.004">
    <error message="For input string: &quot;0//2&quot;" type="java.lang.NumberFormatException">
      <![CDATA[java.lang.NumberFormatException: For input string: "0//2"
at java.base/java.lang.NumberFormatException.forInputString(NumberFormatException.java:67)
at java.base/java.lang.Integer.parseInt(Integer.java:660)
at java.base/java.lang.Integer.valueOf(Integer.java:991)
at testing.StringCalculator.convertToInt(StringCalculator.java:34)
at testing.StringCalculator.sum(StringCalculator.java:67)
at testing.StringCalculator.add(StringCalculator.java:21)
at testing.StringCalculatorTest.supportOddEvenAddition(StringCalculatorTest.java:79)
at java.base/jdk.internal.reflect.NativeMethodAccessorImpl.invoke0(Native Method)
at java.base/jdk.internal.reflect.NativeMethodAccessorImpl.invoke(NativeMethodAccessorImpl.java:78)
at java.base/jdk.internal.reflect.DelegatingMethodAccessorImpl.invoke(DelegatingMethodAccessorImpl.java:43)
at java.base/java.lang.reflect.Method.invoke(Method.java:567)
at org.testng.internal.MethodInvocationHelper.invokeMethod(MethodInvocationHelper.java:133)
at org.testng.internal.TestInvoker.invokeMethod(TestInvoker.java:598)
at org.testng.internal.TestInvoker.invokeTestMethod(TestInvoker.java:173)
at org.testng.internal.MethodRunner.runInSequence(MethodRunner.java:46)
at org.testng.internal.TestInvoker$MethodInvocationAgent.invoke(TestInvoker.java:824)
at org.testng.internal.TestInvoker.invokeTestMethods(TestInvoker.java:146)
at org.testng.internal.TestMethodWorker.invokeTestMethods(TestMethodWorker.java:146)
at org.testng.internal.TestMethodWorker.run(TestMethodWorker.java:128)
at java.base/java.util.ArrayList.forEach(ArrayList.java:1511)
at org.testng.TestRunner.privateRun(TestRunner.java:794)
at org.testng.TestRunner.run(TestRunner.java:596)
at org.testng.SuiteRunner.runTest(SuiteRunner.java:377)
at org.testng.SuiteRunner.runSequentially(SuiteRunner.java:371)
at org.testng.SuiteRunner.privateRun(SuiteRunner.java:332)
at org.testng.SuiteRunner.run(SuiteRunner.java:276)
at org.testng.SuiteRunnerWorker.runSuite(SuiteRunnerWorker.java:53)
at org.testng.SuiteRunnerWorker.run(SuiteRunnerWorker.java:96)
at org.testng.TestNG.runSuitesSequentially(TestNG.java:1212)
at org.testng.TestNG.runSuitesLocally(TestNG.java:1134)
at org.testng.TestNG.runSuites(TestNG.java:1063)
at org.testng.TestNG.run(TestNG.java:1031)
at org.testng.remote.AbstractRemoteTestNG.run(AbstractRemoteTestNG.java:115)
at org.testng.remote.RemoteTestNG.initAndRun(RemoteTestNG.java:251)
at org.testng.remote.RemoteTestNG.main(RemoteTestNG.java:77)
]]>
    </error>
  </testcase> <!-- supportOddEvenAddition -->
  <system-out/>
  <testcase classname="testing.StringCalculatorTest" name="testEmptyString" time="0.001"/>
  <system-out/>
  <testcase classname="testing.StringCalculatorTest" name="testOtherDelimiter" time="0.001"/>
  <system-out/>
  <testcase classname="testing.StringCalculatorTest" name="testAddAlphabets" time="0.003"/>
  <system-out/>
  <testcase classname="testing.StringCalculatorTest" name="testAddMultipleNumbers" time="0.001"/>
  <system-out/>
  <testcase classname="testing.StringCalculatorTest" name="testAddStringNumbers" time="0.001"/>
  <system-out/>
  <testcase classname="testing.StringCalculatorTest" name="testOverThousand" time="0.001"/>
  <system-out/>
  <testcase classname="testing.StringCalculatorTest" name="testAddOneNumber" time="0.001"/>
  <system-out/>
  <testcase classname="testing.StringCalculatorTest" name="testNegativeNumber" time="0.001"/>
  <system-out/>
</testsuite> <!-- testing.StringCalculatorTest -->
